<?xml version="1.0" encoding="UTF-8"?>
<!-- Generated by org.testng.reporters.JUnitReportReporter -->
<testsuite hostname="DESKTOP-JLKBKOP" failures="0" tests="1" name="CucumberOptions.TestNGTestRunner" time="16.046" errors="0" timestamp="2023-03-20T12:38:10 EDT" skipped="0">
  <testcase classname="CucumberOptions.TestNGTestRunner" name="runScenario" time="16.046"/>
  <system-out/>
</testsuite> <!-- CucumberOptions.TestNGTestRunner -->
