<?xml version="1.0" encoding="UTF-8"?>
<!-- Generated by org.testng.reporters.JUnitReportReporter -->
<testsuite hostname="DESKTOP-JLKBKOP" failures="0" tests="1" name="Learning.ExtentReports.ExtentReportDemo" time="5.915" errors="0" timestamp="2020-08-18T07:36:43 EDT" skipped="0">
  <testcase classname="Learning.ExtentReports.ExtentReportDemo" name="initialDemo" time="5.915"/>
  <system-out/>
</testsuite> <!-- Learning.ExtentReports.ExtentReportDemo -->
